<?xml version="1.0" encoding="UTF-8"?>
<!-- Generated by org.testng.reporters.JUnitReportReporter -->
<testsuite hostname="Arvin-leedeMacBook-Pro.local" name="TestPractise.CreateData" tests="64" failures="0" timestamp="4 Jun 2018 14:20:02 GMT" time="0.123" errors="0">
  <testcase name="test5" time="0.012" classname="TestPractise.CreateData"/>
  <testcase name="test3" time="0.000" classname="TestPractise.CreateData"/>
  <testcase name="test5" time="0.001" classname="TestPractise.CreateData"/>
  <testcase name="test3" time="0.001" classname="TestPractise.CreateData"/>
  <testcase name="test6" time="0.000" classname="TestPractise.CreateData"/>
  <testcase name="test1" time="0.008" classname="TestPractise.CreateData"/>
  <testcase name="test1" time="0.001" classname="TestPractise.CreateData"/>
  <testcase name="test4" time="0.006" classname="TestPractise.CreateData"/>
  <testcase name="test8" time="0.000" classname="TestPractise.CreateData"/>
  <testcase name="test1" time="0.001" classname="TestPractise.CreateData"/>
  <testcase name="test2" time="0.002" classname="TestPractise.CreateData"/>
  <testcase name="test2" time="0.001" classname="TestPractise.CreateData"/>
  <testcase name="test8" time="0.001" classname="TestPractise.CreateData"/>
  <testcase name="test6" time="0.000" classname="TestPractise.CreateData"/>
  <testcase name="test1" time="0.000" classname="TestPractise.CreateData"/>
  <testcase name="test2" time="0.002" classname="TestPractise.CreateData"/>
  <testcase name="test8" time="0.001" classname="TestPractise.CreateData"/>
  <testcase name="test5" time="0.000" classname="TestPractise.CreateData"/>
  <testcase name="test3" time="0.001" classname="TestPractise.CreateData"/>
  <testcase name="test4" time="0.002" classname="TestPractise.CreateData"/>
  <testcase name="test8" time="0.009" classname="TestPractise.CreateData"/>
  <testcase name="test2" time="0.001" classname="TestPractise.CreateData"/>
  <testcase name="test8" time="0.001" classname="TestPractise.CreateData"/>
  <testcase name="test5" time="0.000" classname="TestPractise.CreateData"/>
  <testcase name="test3" time="0.003" classname="TestPractise.CreateData"/>
  <testcase name="test4" time="0.001" classname="TestPractise.CreateData"/>
  <testcase name="test8" time="0.002" classname="TestPractise.CreateData"/>
  <testcase name="test3" time="0.000" classname="TestPractise.CreateData"/>
  <testcase name="test1" time="0.013" classname="TestPractise.CreateData"/>
  <testcase name="test7" time="0.000" classname="TestPractise.CreateData"/>
  <testcase name="test6" time="0.000" classname="TestPractise.CreateData"/>
  <testcase name="test2" time="0.004" classname="TestPractise.CreateData"/>
  <testcase name="test7" time="0.001" classname="TestPractise.CreateData"/>
  <testcase name="test6" time="0.000" classname="TestPractise.CreateData"/>
  <testcase name="test2" time="0.002" classname="TestPractise.CreateData"/>
  <testcase name="test7" time="0.000" classname="TestPractise.CreateData"/>
  <testcase name="test6" time="0.001" classname="TestPractise.CreateData"/>
  <testcase name="test5" time="0.001" classname="TestPractise.CreateData"/>
  <testcase name="test8" time="0.003" classname="TestPractise.CreateData"/>
  <testcase name="test2" time="0.001" classname="TestPractise.CreateData"/>
  <testcase name="test4" time="0.004" classname="TestPractise.CreateData"/>
  <testcase name="test7" time="0.006" classname="TestPractise.CreateData"/>
  <testcase name="test1" time="0.001" classname="TestPractise.CreateData"/>
  <testcase name="test4" time="0.001" classname="TestPractise.CreateData"/>
  <testcase name="test6" time="0.001" classname="TestPractise.CreateData"/>
  <testcase name="test3" time="0.002" classname="TestPractise.CreateData"/>
  <testcase name="test1" time="0.000" classname="TestPractise.CreateData"/>
  <testcase name="test6" time="0.000" classname="TestPractise.CreateData"/>
  <testcase name="test6" time="0.001" classname="TestPractise.CreateData"/>
  <testcase name="test5" time="0.009" classname="TestPractise.CreateData"/>
  <testcase name="test7" time="0.000" classname="TestPractise.CreateData"/>
  <testcase name="test7" time="0.000" classname="TestPractise.CreateData"/>
  <testcase name="test2" time="0.001" classname="TestPractise.CreateData"/>
  <testcase name="test8" time="0.007" classname="TestPractise.CreateData"/>
  <testcase name="test3" time="0.000" classname="TestPractise.CreateData"/>
  <testcase name="test4" time="0.000" classname="TestPractise.CreateData"/>
  <testcase name="test3" time="0.002" classname="TestPractise.CreateData"/>
  <testcase name="test5" time="0.001" classname="TestPractise.CreateData"/>
  <testcase name="test5" time="0.000" classname="TestPractise.CreateData"/>
  <testcase name="test4" time="0.002" classname="TestPractise.CreateData"/>
  <testcase name="test7" time="0.001" classname="TestPractise.CreateData"/>
  <testcase name="test7" time="0.000" classname="TestPractise.CreateData"/>
  <testcase name="test1" time="0.000" classname="TestPractise.CreateData"/>
  <testcase name="test4" time="0.001" classname="TestPractise.CreateData"/>
</testsuite> <!-- TestPractise.CreateData -->
